app/build/outputs/logs/manifest-merger-debug-report.txt
-- Merging decision tree log ---
manifest
ADDED from src\main\AndroidManifest.xml:2:1-43:12
	package
		ADDED from src\main\AndroidManifest.xml:3:5-47
		INJECTED from src\main\AndroidManifest.xml
		INJECTED from src\main\AndroidManifest.xml
	xmlns:android
		ADDED from src\main\AndroidManifest.xml:2:11-69
uses-sdk
ADDED from src\main\AndroidManifest.xml:5:5-7:38
	android:maxSdkVersion
		ADDED from src\main\AndroidManifest.xml:6:9-35
	android:minSdkVersion
		ADDED from src\main\AndroidManifest.xml:7:9-35
android:uses-permission#android.permission.WRITE_EXTERNAL_STORAGE
ADDED from src\main\AndroidManifest.xml:9:5-89
	android:name
		ADDED from src\main\AndroidManifest.xml:9:30-86
android:uses-permission#android.permission.READ_PHONE_STATE
ADDED from src\main\AndroidManifest.xml:10:5-83
	android:name
		ADDED from src\main\AndroidManifest.xml:10:30-80
android:uses-permission#android.permission.READ_EXTERNAL_STORAGE
ADDED from src\main\AndroidManifest.xml:11:5-88
	android:name
		ADDED from src\main\AndroidManifest.xml:11:30-85
application
ADDED from src\main\AndroidManifest.xml:13:5-41:19
	android:label
		ADDED from src\main\AndroidManifest.xml:13:18-49
service#com.example.android.softkeyboard.SoftKeyboard
ADDED from src\main\AndroidManifest.xml:14:9-23:19
	android:permission
		ADDED from src\main\AndroidManifest.xml:16:13-70
	android:name
		ADDED from src\main\AndroidManifest.xml:15:13-41
intent-filter#android.view.InputMethod
ADDED from src\main\AndroidManifest.xml:17:13-19:29
action#android.view.InputMethod
ADDED from src\main\AndroidManifest.xml:18:17-67
	android:name
		ADDED from src\main\AndroidManifest.xml:18:25-64
meta-data#android.view.im
ADDED from src\main\AndroidManifest.xml:20:13-22:50
	android:resource
		ADDED from src\main\AndroidManifest.xml:22:17-47
	android:name
		ADDED from src\main\AndroidManifest.xml:21:17-47
service#com.example.android.softkeyboard.ShakeActivity
ADDED from src\main\AndroidManifest.xml:24:9-26:38
	android:enabled
		ADDED from src\main\AndroidManifest.xml:26:13-35
	android:name
		ADDED from src\main\AndroidManifest.xml:25:13-42
service#com.example.android.softkeyboard.setText
ADDED from src\main\AndroidManifest.xml:28:9-30:19
	android:name
		ADDED from src\main\AndroidManifest.xml:29:13-36
activity#com.example.android.softkeyboard.ImePreferences
ADDED from src\main\AndroidManifest.xml:33:9-39:20
	android:label
		ADDED from src\main\AndroidManifest.xml:35:13-36
	android:name
		ADDED from src\main\AndroidManifest.xml:34:13-43
intent-filter#android.intent.action.MAIN
ADDED from src\main\AndroidManifest.xml:36:13-38:29
action#android.intent.action.MAIN
ADDED from src\main\AndroidManifest.xml:37:17-69
	android:name
		ADDED from src\main\AndroidManifest.xml:37:25-66
receiver#com.example.android.softkeyboard.MyReceiver
ADDED from src\main\AndroidManifest.xml:40:9-47
	android:name
		ADDED from src\main\AndroidManifest.xml:40:19-44